ID040901_dangerous-behavior_call_noglasses_44.jpg phone 0.9954053
ID040901_dangerous-behavior_call_noglasses_47.jpg phone 0.99403584
ID040903_dangerous-behavior_call_noglasses_23.jpg phone 0.99998903
ID040903_dangerous-behavior_call_noglasses_19.jpg phone 0.99989045
ID040901_dangerous-behavior_call_noglasses_15.jpg phone 0.9999988
ID040901_dangerous-behavior_call_noglasses_46.jpg phone 0.994831
ID040903_dangerous-behavior_call_glasses_32.jpg phone 0.9340155
ID040903_dangerous-behavior_call_glasses_12.jpg phone 0.9999981
ID040903_dangerous-behavior_call_noglasses_18.jpg phone 0.9986873
ID040901_dangerous-behavior_call_noglasses_13.jpg phone 0.9984353
ID040901_dangerous-behavior_call_noglasses_42.jpg phone 0.99997413
ID040903_dangerous-behavior_call_glasses_10.jpg phone 0.9999994
ID040901_dangerous-behavior_call_glasses_14.jpg phone 0.999956
ID040903_dangerous-behavior_call_noglasses_24.jpg phone 0.9999969
ID040903_dangerous-behavior_call_glasses_4.jpg bg 0.63283587
ID040901_dangerous-behavior_call_glasses_18.jpg phone 0.7536855
ID040903_dangerous-behavior_call_glasses_13.jpg phone 0.9999888
ID040901_dangerous-behavior_call_noglasses_39.jpg phone 0.996642
ID040903_dangerous-behavior_call_noglasses_46.jpg phone 0.9990202
ID040903_dangerous-behavior_call_glasses_11.jpg phone 0.9999995
ID040903_dangerous-behavior_call_noglasses_47.jpg phone 0.9843435
ID040903_dangerous-behavior_call_noglasses_42.jpg phone 0.99594194
ID040903_dangerous-behavior_call_noglasses_40.jpg phone 0.65359324
ID040901_dangerous-behavior_call_glasses_15.jpg phone 0.9980381
ID040903_dangerous-behavior_call_glasses_33.jpg phone 0.5296149
ID040903_dangerous-behavior_call_glasses_9.jpg phone 0.999977
ID040903_dangerous-behavior_call_noglasses_49.jpg phone 0.97445494
ID040903_dangerous-behavior_call_noglasses_21.jpg phone 0.99999917
ID040903_dangerous-behavior_call_noglasses_39.jpg phone 0.8184145
ID040903_dangerous-behavior_call_glasses_31.jpg phone 0.9848291
ID040903_dangerous-behavior_call_noglasses_20.jpg phone 0.9999932
ID040903_dangerous-behavior_call_glasses_23.jpg bg 0.5126101
ID040903_dangerous-behavior_call_noglasses_43.jpg phone 0.9428921
ID040901_dangerous-behavior_call_noglasses_35.jpg phone 0.99989164
ID040901_dangerous-behavior_call_noglasses_45.jpg phone 0.9797023
ID040903_dangerous-behavior_call_noglasses_26.jpg phone 0.99998355
ID040903_dangerous-behavior_call_noglasses_54.jpg phone 0.99445385
ID040901_dangerous-behavior_call_glasses_7.jpg phone 0.9999976
ID040901_dangerous-behavior_call_noglasses_33.jpg phone 0.9994591
ID040901_dangerous-behavior_call_glasses_30.jpg phone 0.9992465
ID040901_dangerous-behavior_call_glasses_24.jpg phone 0.99957615
ID040903_dangerous-behavior_call_glasses_25.jpg phone 0.9987954
ID040901_dangerous-behavior_call_noglasses_37.jpg phone 0.99991274
ID040903_dangerous-behavior_call_noglasses_55.jpg phone 0.66594356
ID040903_dangerous-behavior_call_glasses_5.jpg phone 0.97487056
ID040901_dangerous-behavior_call_glasses_8.jpg phone 0.99965084
ID040901_dangerous-behavior_call_glasses_11.jpg phone 0.9999392
ID040901_dangerous-behavior_call_noglasses_19.jpg phone 0.99999523
ID040901_dangerous-behavior_call_noglasses_32.jpg phone 0.99916136
ID040901_dangerous-behavior_call_noglasses_41.jpg phone 0.9999764
ID040902_dangerous-behavior_call_glasses_4.jpg bg 0.3702014
ID040903_dangerous-behavior_call_noglasses_48.jpg phone 0.9865937
ID040903_dangerous-behavior_call_glasses_8.jpg phone 0.99999833
ID040903_dangerous-behavior_call_noglasses_12.jpg bg 0.97410655
ID040901_dangerous-behavior_call_glasses_32.jpg phone 0.9853544
ID040902_dangerous-behavior_call_noglasses_10.jpg phone 0.9664952
ID040903_dangerous-behavior_call_noglasses_53.jpg phone 0.66729075
ID040901_dangerous-behavior_call_noglasses_31.jpg phone 0.8767553
ID040901_dangerous-behavior_call_noglasses_12.jpg phone 0.9871033
ID040901_dangerous-behavior_call_glasses_26.jpg phone 0.99991786
ID040901_dangerous-behavior_call_noglasses_30.jpg phone 0.9063382
ID040901_dangerous-behavior_call_glasses_6.jpg phone 0.9999887
ID040901_dangerous-behavior_call_noglasses_18.jpg phone 0.9999995
ID040901_dangerous-behavior_call_glasses_29.jpg phone 0.9997434
ID040901_dangerous-behavior_call_noglasses_36.jpg phone 0.9999707
ID040903_dangerous-behavior_call_noglasses_27.jpg phone 0.99974996
ID040903_dangerous-behavior_call_noglasses_41.jpg phone 0.99739254
ID040903_dangerous-behavior_call_noglasses_45.jpg phone 0.99256355
ID040901_dangerous-behavior_call_glasses_25.jpg phone 0.99890244
ID040901_dangerous-behavior_call_glasses_13.jpg phone 0.9999485
ID040901_dangerous-behavior_call_glasses_21.jpg phone 0.998195
ID040901_dangerous-behavior_call_glasses_22.jpg phone 0.9998159
ID040903_dangerous-behavior_call_noglasses_44.jpg phone 0.83140624
ID040903_dangerous-behavior_call_glasses_7.jpg phone 0.9999794
ID040901_dangerous-behavior_call_glasses_27.jpg phone 0.99997854
ID040903_dangerous-behavior_call_glasses_30.jpg phone 0.98261905
ID040903_dangerous-behavior_call_glasses_29.jpg phone 0.9953335
ID040901_dangerous-behavior_call_noglasses_14.jpg phone 0.9999552
ID040902_dangerous-behavior_call_noglasses_18.jpg phone 0.9919647
ID040901_dangerous-behavior_call_glasses_28.jpg phone 0.9996816
ID040903_dangerous-behavior_call_glasses_26.jpg drink 0.99868625
ID040901_dangerous-behavior_call_noglasses_34.jpg phone 0.9999733
ID040903_dangerous-behavior_call_noglasses_13.jpg phone 0.6205232
ID040903_dangerous-behavior_call_noglasses_14.jpg bg 0.88438857
ID040902_dangerous-behavior_call_noglasses_12.jpg phone 0.9999113
ID040902_dangerous-behavior_call_noglasses_31.jpg bg 0.9616776
ID040903_dangerous-behavior_call_glasses_34.jpg bg 0.84296155
ID040901_dangerous-behavior_call_glasses_31.jpg phone 0.9989322
ID040903_dangerous-behavior_call_glasses_6.jpg phone 0.9741581
ID040903_dangerous-behavior_call_noglasses_22.jpg phone 0.99998605
ID040903_dangerous-behavior_call_noglasses_25.jpg phone 0.9999927
ID040903_dangerous-behavior_call_glasses_27.jpg phone 0.67584825
ID040903_dangerous-behavior_call_noglasses_52.jpg phone 0.5125989
ID040903_dangerous-behavior_call_noglasses_51.jpg phone 0.97055435
ID040901_dangerous-behavior_call_noglasses_16.jpg phone 0.99999964
ID040903_dangerous-behavior_call_glasses_24.jpg phone 0.9797576
ID040903_dangerous-behavior_call_noglasses_17.jpg phone 0.99982053
ID040903_dangerous-behavior_call_noglasses_11.jpg phone 0.6151175
ID040901_dangerous-behavior_call_noglasses_20.jpg phone 0.9995603
ID040901_dangerous-behavior_call_noglasses_40.jpg phone 0.99850625
ID040901_dangerous-behavior_call_glasses_23.jpg phone 0.99969673
ID040901_dangerous-behavior_call_noglasses_21.jpg phone 0.98668575
ID040901_dangerous-behavior_call_glasses_9.jpg phone 0.988907
ID040903_dangerous-behavior_call_glasses_28.jpg phone 0.9988116
ID040901_dangerous-behavior_call_glasses_12.jpg phone 0.99993885
ID040903_dangerous-behavior_call_noglasses_16.jpg phone 0.9868809
ID040902_dangerous-behavior_call_noglasses_13.jpg phone 0.999642
ID040903_dangerous-behavior_call_noglasses_50.jpg phone 0.9661816
ID040902_dangerous-behavior_call_glasses_5.jpg phone 0.9984078
ID040902_dangerous-behavior_call_noglasses_9.jpg bg 0.6763384
ID040901_dangerous-behavior_call_glasses_10.jpg phone 0.99986553
ID040901_dangerous-behavior_call_noglasses_22.jpg phone 0.9937849
ID040901_dangerous-behavior_call_noglasses_43.jpg phone 0.99996316
ID040901_dangerous-behavior_call_noglasses_17.jpg phone 0.99999976
ID040901_dangerous-behavior_drinking_glasses_33.jpg drink 0.9998871
ID040901_dangerous-behavior_drinking_glasses_49.jpg drink 0.9999833
ID040901_dangerous-behavior_drinking_glasses_52.jpg drink 0.9998957
ID040901_dangerous-behavior_drinking_glasses_51.jpg drink 0.999632
ID040901_dangerous-behavior_drinking_glasses_48.jpg drink 0.99998546
ID040901_dangerous-behavior_drinking_glasses_30.jpg drink 0.99998593
ID040901_dangerous-behavior_drinking_glasses_23.jpg drink 0.9999465
ID040901_dangerous-behavior_drinking_glasses_44.jpg drink 0.99999523
ID040903_dangerous-behavior_drinking_glasses_58.jpg drink 0.9988901
ID040903_dangerous-behavior_drinking_glasses_31.jpg drink 0.99897087
ID040901_dangerous-behavior_drinking_glasses_17.jpg drink 0.99965215
ID040901_dangerous-behavior_drinking_glasses_20.jpg drink 0.99997175
ID040901_dangerous-behavior_drinking_glasses_45.jpg drink 0.99998736
ID040903_dangerous-behavior_drinking_glasses_25.jpg drink 0.99994135
ID040903_dangerous-behavior_drinking_glasses_67.jpg drink 0.99882394
ID040901_dangerous-behavior_drinking_glasses_59.jpg drink 0.67123115
ID040901_dangerous-behavior_drinking_glasses_26.jpg drink 0.99998224
ID040903_dangerous-behavior_drinking_glasses_70.jpg drink 0.78807926
ID040903_dangerous-behavior_drinking_glasses_29.jpg drink 0.9993098
ID040901_dangerous-behavior_drinking_glasses_36.jpg phone 0.9941565
ID040903_dangerous-behavior_drinking_glasses_59.jpg drink 0.9999237
ID040901_dangerous-behavior_drinking_glasses_46.jpg drink 0.999948
ID040901_dangerous-behavior_drinking_glasses_55.jpg drink 0.9997317
ID040903_dangerous-behavior_drinking_glasses_30.jpg drink 0.9963876
ID040901_dangerous-behavior_drinking_glasses_18.jpg drink 0.9999584
ID040901_dangerous-behavior_drinking_glasses_15.jpg drink 0.9999399
ID040901_dangerous-behavior_drinking_glasses_56.jpg drink 0.99984825
ID040901_dangerous-behavior_drinking_glasses_54.jpg drink 0.99999166
ID040903_dangerous-behavior_drinking_glasses_21.jpg drink 0.9998909
ID040903_dangerous-behavior_drinking_glasses_27.jpg drink 0.9995202
ID040901_dangerous-behavior_drinking_glasses_47.jpg drink 0.9999759
ID040901_dangerous-behavior_drinking_glasses_14.jpg drink 0.9996724
ID040901_dangerous-behavior_drinking_glasses_41.jpg drink 0.99603796
ID040903_dangerous-behavior_drinking_glasses_19.jpg drink 0.99963415
ID040903_dangerous-behavior_drinking_glasses_22.jpg drink 0.9999447
ID040901_dangerous-behavior_drinking_glasses_31.jpg drink 0.99999213
ID040901_dangerous-behavior_drinking_glasses_24.jpg drink 0.99951184
ID040903_dangerous-behavior_drinking_glasses_15.jpg drink 0.97745764
ID040903_dangerous-behavior_drinking_glasses_26.jpg drink 0.9993492
ID040903_dangerous-behavior_drinking_glasses_51.jpg drink 0.9980171
ID040901_dangerous-behavior_drinking_glasses_21.jpg drink 0.99997056
ID040903_dangerous-behavior_drinking_glasses_55.jpg drink 0.9999672
ID040901_dangerous-behavior_drinking_glasses_22.jpg drink 0.99996734
ID040903_dangerous-behavior_drinking_glasses_34.jpg drink 0.9996183
ID040903_dangerous-behavior_drinking_glasses_57.jpg drink 0.99979526
ID040903_dangerous-behavior_drinking_glasses_23.jpg drink 0.99993503
ID040903_dangerous-behavior_drinking_glasses_32.jpg drink 0.99991596
ID040903_dangerous-behavior_drinking_glasses_46.jpg bg 0.9671766
ID040901_dangerous-behavior_drinking_glasses_16.jpg drink 0.9999511
ID040903_dangerous-behavior_drinking_glasses_16.jpg drink 0.8423908
ID040901_dangerous-behavior_drinking_glasses_25.jpg drink 0.99957293
ID040901_dangerous-behavior_drinking_glasses_40.jpg phone 0.85466003
ID040903_dangerous-behavior_drinking_glasses_65.jpg drink 0.9999604
ID040903_dangerous-behavior_drinking_glasses_61.jpg drink 0.99993646
ID040903_dangerous-behavior_drinking_glasses_63.jpg drink 0.99681
ID040901_dangerous-behavior_drinking_glasses_27.jpg drink 0.9999057
ID040903_dangerous-behavior_drinking_glasses_52.jpg drink 0.9992656
ID040903_dangerous-behavior_drinking_glasses_24.jpg drink 0.9999361
ID040903_dangerous-behavior_drinking_glasses_62.jpg drink 0.99944836
ID040903_dangerous-behavior_drinking_glasses_18.jpg drink 0.9992514
ID040902_dangerous-behavior_drinking_glasses_22.jpg drink 0.9984114
ID040903_dangerous-behavior_drinking_glasses_64.jpg drink 0.99992
ID040901_dangerous-behavior_drinking_glasses_50.jpg drink 0.99967146
ID040903_dangerous-behavior_drinking_glasses_36.jpg drink 0.9999589
ID040901_dangerous-behavior_drinking_glasses_43.jpg drink 0.99995196
ID040903_dangerous-behavior_drinking_glasses_54.jpg drink 0.99993575
ID040901_dangerous-behavior_drinking_glasses_29.jpg drink 0.99998605
ID040901_dangerous-behavior_drinking_glasses_32.jpg drink 0.99999225
ID040903_dangerous-behavior_drinking_glasses_35.jpg drink 0.9999305
ID040901_dangerous-behavior_drinking_glasses_57.jpg drink 0.99741423
ID040903_dangerous-behavior_drinking_glasses_53.jpg drink 0.99949396
ID040903_dangerous-behavior_drinking_glasses_60.jpg drink 0.99983215
ID040903_dangerous-behavior_drinking_glasses_20.jpg drink 0.99992526
ID040901_dangerous-behavior_drinking_glasses_19.jpg drink 0.9999496
ID040903_dangerous-behavior_drinking_glasses_28.jpg drink 0.9973719
ID040901_dangerous-behavior_drinking_glasses_42.jpg drink 0.9990181
ID040903_dangerous-behavior_drinking_glasses_17.jpg drink 0.808004
ID040903_dangerous-behavior_drinking_glasses_68.jpg drink 0.9994929
ID040903_dangerous-behavior_drinking_glasses_66.jpg drink 0.99784696
ID040903_dangerous-behavior_drinking_glasses_50.jpg drink 0.9997758
ID040903_dangerous-behavior_drinking_glasses_69.jpg drink 0.99967945
ID040903_dangerous-behavior_drinking_glasses_56.jpg drink 0.99989533
ID040901_dangerous-behavior_drinking_glasses_28.jpg drink 0.9999677
ID040903_dangerous-behavior_drinking_glasses_49.jpg drink 0.99993277
ID040903_dangerous-behavior_drinking_glasses_33.jpg drink 0.9997497
